<?xml version="1.0" encoding="UTF-8"?>
<!-- Generated by org.testng.reporters.JUnitReportReporter -->
<testsuite skipped="0" hostname="LAPTOP-OIJ1FI09" name="com.class12.ReadingPropertyFIle" tests="1" failures="0" timestamp="05 Jun 2019 16:12:21 GMT" time="7.452" errors="0">
  <testcase name="readFile" time="7.452" classname="com.class12.ReadingPropertyFIle"/>
</testsuite> <!-- com.class12.ReadingPropertyFIle -->
