<?xml version="1.0" encoding="UTF-8"?>
<!-- Generated by org.testng.reporters.JUnitReportReporter -->
<testsuite skipped="0" hostname="LAPTOP-OIJ1FI09" name="com.class12.TC" tests="1" failures="0" timestamp="04 Jun 2019 15:33:52 GMT" time="9.013" errors="0">
  <testcase name="readFile" time="9.013" classname="com.class12.TC"/>
</testsuite> <!-- com.class12.TC -->
