<?xml version="1.0" encoding="UTF-8"?>
<!-- Generated by org.testng.reporters.JUnitReportReporter -->
<testsuite skipped="0" hostname="LAPTOP-OIJ1FI09" name="com.class12.BrokenLinksDemo" tests="1" failures="0" timestamp="02 Jun 2019 16:56:11 GMT" time="29.297" errors="0">
  <testcase name="brokenLinksVerification" time="29.297" classname="com.class12.BrokenLinksDemo"/>
</testsuite> <!-- com.class12.BrokenLinksDemo -->
