<?xml version="1.0" encoding="UTF-8"?>
<!-- Generated by org.testng.reporters.JUnitReportReporter -->
<testsuite skipped="0" hostname="LAPTOP-OIJ1FI09" name="com.class12.FlightSearch" tests="1" failures="0" timestamp="04 Jun 2019 15:34:29 GMT" time="26.129" errors="0">
  <testcase name="searchFlight" time="26.129" classname="com.class12.FlightSearch"/>
</testsuite> <!-- com.class12.FlightSearch -->
