<?xml version="1.0" encoding="UTF-8"?>
<!-- Generated by org.testng.reporters.JUnitReportReporter -->
<testsuite skipped="5" hostname="LAPTOP-OIJ1FI09" name="com.practice.RdsTesting" tests="6" failures="0" timestamp="17 Jun 2019 14:58:00 GMT" time="12.866" errors="0">
  <testcase name="I9" time="12.866" classname="com.practice.RdsTesting"/>
  <testcase name="acknowledgementEmergencyVATax" classname="com.practice.RdsTesting">
    <skipped/>
  </testcase> <!-- acknowledgementEmergencyVATax -->
  <testcase name="w4" classname="com.practice.RdsTesting">
    <skipped/>
  </testcase> <!-- w4 -->
  <testcase name="offerLetter" classname="com.practice.RdsTesting">
    <skipped/>
  </testcase> <!-- offerLetter -->
  <testcase name="backgroundCheck" classname="com.practice.RdsTesting">
    <skipped/>
  </testcase> <!-- backgroundCheck -->
  <testcase name="drugConsentW4" classname="com.practice.RdsTesting">
    <skipped/>
  </testcase> <!-- drugConsentW4 -->
</testsuite> <!-- com.practice.RdsTesting -->
